\BOOKMARK [1][-]{section.1}{\376\377\000D\000a\000y\000\040\0001\000:\000\040\000O\000r\000d\000e\000r\000e\000d\000\040\000S\000e\000t\000s\000\040\000\046\000\040\000F\000i\000e\000l\000d\000s}{}% 1
\BOOKMARK [2][-]{subsection.1.1}{\376\377\000\040\000O\000r\000d\000e\000r\000e\000d\000\040\000S\000e\000t\000s\000\040\000a\000n\000d\000\040\000B\000o\000u\000n\000d\000s\000\040}{section.1}% 2
\BOOKMARK [2][-]{subsection.1.2}{\376\377\000\040\000L\000e\000a\000s\000t\000\040\000U\000p\000p\000e\000r\000\040\000B\000o\000u\000n\000d\000\040\000P\000r\000o\000p\000e\000r\000t\000y\000\040}{section.1}% 3
\BOOKMARK [2][-]{subsection.1.3}{\376\377\000\040\000F\000i\000e\000l\000d\000s\000\040}{section.1}% 4
\BOOKMARK [2][-]{subsection.1.4}{\376\377\000\040\000O\000r\000d\000e\000r\000e\000d\000\040\000F\000i\000e\000l\000d\000s\000\040}{section.1}% 5
\BOOKMARK [1][-]{section.2}{\376\377\000D\000a\000y\000\040\0002\000:\000\040\000C\000o\000m\000p\000l\000e\000x\000\040\000F\000i\000e\000l\000d\000\040\000\046\000\040\000E\000u\000c\000l\000i\000d\000e\000a\000n\000\040\000S\000p\000a\000c\000e\000s}{}% 6
\BOOKMARK [2][-]{subsection.2.1}{\376\377\000\040\000n\000t\000h\000\040\000R\000o\000o\000t\000\040}{section.2}% 7
\BOOKMARK [2][-]{subsection.2.2}{\376\377\000\040\000D\000e\000c\000i\000m\000a\000l\000s\000\040}{section.2}% 8
\BOOKMARK [2][-]{subsection.2.3}{\376\377\000\040\000E\000x\000t\000e\000n\000d\000e\000d\000\040\000R\000e\000a\000l\000s\000\040}{section.2}% 9
\BOOKMARK [2][-]{subsection.2.4}{\376\377\000\040\000C\000o\000m\000p\000l\000e\000x\000\040\000N\000u\000m\000b\000e\000r\000s\000\040}{section.2}% 10
\BOOKMARK [2][-]{subsection.2.5}{\376\377\000\040\000E\000u\000c\000l\000i\000d\000e\000a\000n\000\040\000S\000p\000a\000c\000e\000s\000\040}{section.2}% 11
\BOOKMARK [2][-]{subsection.2.6}{\376\377\000\040\000C\000a\000u\000c\000h\000y\000-\000S\000c\000h\000w\000a\000r\000z\000\040}{section.2}% 12
\BOOKMARK [1][-]{section.3}{\376\377\000D\000a\000y\000\040\0003\000:\000\040\000E\000x\000i\000s\000t\000e\000n\000c\000e\000\040\000o\000f\000\040\000R}{}% 13
\BOOKMARK [1][-]{section.4}{\376\377\000D\000a\000y\000\040\0004\000:\000\040\000C\000a\000r\000d\000i\000n\000a\000l\000i\000t\000y}{}% 14
\BOOKMARK [2][-]{subsection.4.1}{\376\377\000\040\000C\000a\000r\000d\000i\000n\000a\000l\000i\000t\000y\000\040}{section.4}% 15
\BOOKMARK [2][-]{subsection.4.2}{\376\377\000\040\000S\000e\000t\000\040\000o\000f\000\040\000S\000e\000t\000s\000\040}{section.4}% 16
\BOOKMARK [1][-]{section.5}{\376\377\000D\000a\000y\000\040\0005\000:\000\040\000M\000e\000t\000r\000i\000c\000\040\000S\000p\000a\000c\000e\000s\000\040\000a\000n\000d\000\040\000C\000l\000o\000s\000e\000d\000/\000O\000p\000e\000n}{}% 17
\BOOKMARK [2][-]{subsection.5.1}{\376\377\000\040\000M\000e\000t\000r\000i\000c\000\040\000S\000p\000a\000c\000e\000s\000\040}{section.5}% 18
\BOOKMARK [2][-]{subsection.5.2}{\376\377\000\040\000I\000n\000t\000e\000r\000v\000a\000l\000s\000\040\000a\000n\000d\000\040\000B\000a\000l\000l\000s\000\040}{section.5}% 19
\BOOKMARK [1][-]{section.6}{\376\377\000D\000a\000y\000\040\0006\000:\000\040\000O\000p\000e\000n\000\040\000R\000e\000l\000a\000t\000i\000v\000e\000\040\000a\000n\000d\000\040\000C\000o\000m\000p\000a\000c\000t\000n\000e\000s\000s}{}% 20
\BOOKMARK [2][-]{subsection.6.1}{\376\377\000\040\000C\000l\000o\000s\000u\000r\000e\000\040}{section.6}% 21
\BOOKMARK [2][-]{subsection.6.2}{\376\377\000\040\000O\000p\000e\000n\000\040\000R\000e\000l\000a\000t\000i\000v\000e\000\040}{section.6}% 22
\BOOKMARK [2][-]{subsection.6.3}{\376\377\000\040\000C\000o\000m\000p\000a\000c\000t\000\040\000S\000e\000t\000s\000\040}{section.6}% 23
\BOOKMARK [1][-]{section.7}{\376\377\000D\000a\000y\000\040\0007\000:\000\040\000P\000e\000r\000f\000e\000c\000t\000\040\000\046\000\040\000C\000o\000n\000n\000e\000c\000t\000e\000d\000\040\000S\000e\000t\000s}{}% 24
\BOOKMARK [2][-]{subsection.7.1}{\376\377\000\040\000P\000e\000r\000f\000e\000c\000t\000\040\000S\000e\000t\000s\000\040}{section.7}% 25
\BOOKMARK [2][-]{subsection.7.2}{\376\377\000\040\000C\000o\000n\000n\000e\000c\000t\000e\000d\000\040\000S\000e\000t\000s\000\040}{section.7}% 26
\BOOKMARK [1][-]{section.8}{\376\377\000D\000a\000y\000\040\0008\000:\000\040\000C\000o\000n\000v\000e\000r\000g\000e\000n\000c\000e\000\040\000\046\000\040\000C\000a\000u\000c\000h\000y}{}% 27
\BOOKMARK [2][-]{subsection.8.1}{\376\377\000\040\000C\000o\000n\000v\000e\000r\000g\000e\000n\000t\000\040\000S\000e\000q\000u\000e\000n\000c\000e\000s\000\040}{section.8}% 28
\BOOKMARK [2][-]{subsection.8.2}{\376\377\000\040\000S\000u\000b\000s\000e\000q\000u\000e\000n\000c\000e\000s\000\040}{section.8}% 29
\BOOKMARK [2][-]{subsection.8.3}{\376\377\000\040\000C\000a\000u\000c\000h\000y\000\040\000S\000e\000q\000u\000e\000n\000c\000e\000s\000\040}{section.8}% 30
\BOOKMARK [1][-]{section.9}{\376\377\000D\000a\000y\000\040\0009\000:\000\040\000L\000i\000m\000i\000t\000s\000\040\000\046\000\040\000S\000p\000e\000c\000i\000a\000l\000\040\000S\000e\000q\000u\000e\000n\000c\000e\000s}{}% 31
\BOOKMARK [2][-]{subsection.9.1}{\376\377\000\040\000U\000p\000p\000e\000r\000\040\000a\000n\000d\000\040\000L\000o\000w\000e\000r\000\040\000L\000i\000m\000i\000t\000s\000\040}{section.9}% 32
\BOOKMARK [2][-]{subsection.9.2}{\376\377\000\040\000S\000p\000e\000c\000i\000a\000l\000\040\000S\000e\000q\000u\000e\000n\000c\000e\000s\000\040}{section.9}% 33
\BOOKMARK [1][-]{section.10}{\376\377\000D\000a\000y\000\040\0001\0000\000:\000\040\000S\000e\000r\000i\000e\000s\000\040\000\046\000\040\000C\000o\000n\000v\000e\000r\000g\000e\000n\000c\000e\000\040\000T\000e\000s\000t\000s}{}% 34
\BOOKMARK [2][-]{subsection.10.1}{\376\377\000\040\000S\000e\000r\000i\000e\000s\000\040}{section.10}% 35
\BOOKMARK [2][-]{subsection.10.2}{\376\377\000\040\000N\000o\000n\000-\000n\000e\000g\000a\000t\000i\000v\000e\000\040\000S\000e\000r\000i\000e\000s\000\040}{section.10}% 36
\BOOKMARK [2][-]{subsection.10.3}{\376\377\000\040\000T\000h\000e\000\040\000N\000u\000m\000b\000e\000r\000\040\000e}{section.10}% 37
\BOOKMARK [2][-]{subsection.10.4}{\376\377\000\040\000R\000o\000o\000t\000\040\000a\000n\000d\000\040\000R\000a\000t\000i\000o\000\040\000T\000e\000s\000t\000s\000\040}{section.10}% 38
\BOOKMARK [2][-]{subsection.10.5}{\376\377\000\040\000P\000o\000w\000e\000r\000\040\000S\000e\000r\000i\000e\000s\000\040}{section.10}% 39
\BOOKMARK [2][-]{subsection.10.6}{\376\377\000\040\000S\000u\000m\000m\000a\000t\000i\000o\000n\000\040\000B\000y\000\040\000P\000a\000r\000t\000s\000\040}{section.10}% 40
\BOOKMARK [2][-]{subsection.10.7}{\376\377\000\040\000A\000b\000s\000o\000l\000u\000t\000e\000\040\000C\000o\000n\000v\000e\000r\000g\000e\000n\000c\000e\000\040}{section.10}% 41
\BOOKMARK [2][-]{subsection.10.8}{\376\377\000\040\000A\000d\000d\000i\000t\000i\000o\000n\000\040\000\046\000\040\000M\000u\000l\000t\000i\000p\000l\000i\000c\000a\000t\000i\000o\000n\000\040}{section.10}% 42
\BOOKMARK [1][-]{section.11}{\376\377\000D\000a\000y\000\040\0001\0001\000:\000\040\000C\000o\000n\000t\000i\000n\000u\000i\000t\000y}{}% 43
\BOOKMARK [2][-]{subsection.11.1}{\376\377\000\040\000L\000i\000m\000i\000t\000s\000\040\000o\000f\000\040\000F\000u\000n\000c\000t\000i\000o\000n\000s\000\040}{section.11}% 44
\BOOKMARK [2][-]{subsection.11.2}{\376\377\000\040\000C\000o\000n\000t\000i\000n\000u\000o\000u\000s\000\040\000F\000u\000n\000c\000t\000i\000o\000n\000s\000\040}{section.11}% 45
\BOOKMARK [2][-]{subsection.11.3}{\376\377\000\040\000C\000o\000n\000t\000i\000n\000u\000i\000t\000y\000\040\000a\000n\000d\000\040\000C\000o\000m\000p\000a\000c\000t\000n\000e\000s\000s\000\040}{section.11}% 46
\BOOKMARK [2][-]{subsection.11.4}{\376\377\000\040\000C\000o\000n\000t\000i\000n\000u\000i\000t\000y\000\040\000a\000n\000d\000\040\000C\000o\000n\000n\000e\000c\000t\000e\000d\000n\000e\000s\000s\000\040}{section.11}% 47
\BOOKMARK [2][-]{subsection.11.5}{\376\377\000\040\000D\000i\000s\000c\000o\000n\000t\000i\000n\000u\000i\000t\000i\000e\000s\000\040}{section.11}% 48
\BOOKMARK [2][-]{subsection.11.6}{\376\377\000\040\000M\000o\000n\000o\000t\000o\000n\000i\000c\000\040\000F\000u\000n\000c\000t\000i\000o\000n\000s\000\040}{section.11}% 49
\BOOKMARK [2][-]{subsection.11.7}{\376\377\000\040\000I\000n\000f\000i\000n\000i\000t\000e\000\040\000L\000i\000m\000i\000t\000s\000\040\000/\000\040\000L\000i\000m\000i\000t\000s\000\040\000a\000t\000\040\000I\000n\000f\000i\000n\000i\000t\000y\000\040}{section.11}% 50
\BOOKMARK [1][-]{section.12}{\376\377\000D\000a\000y\000\040\0001\0002\000:\000\040\000D\000i\000f\000f\000e\000r\000e\000n\000t\000i\000a\000t\000i\000o\000n}{}% 51
\BOOKMARK [2][-]{subsection.12.1}{\376\377\000\040\000D\000e\000r\000i\000v\000a\000t\000i\000v\000e\000\040\000o\000f\000\040\000a\000\040\000F\000u\000n\000c\000t\000i\000o\000n\000\040}{section.12}% 52
\BOOKMARK [2][-]{subsection.12.2}{\376\377\000\040\000M\000e\000a\000n\000\040\000V\000a\000l\000u\000e\000\040\000T\000h\000e\000o\000r\000e\000m\000s\000\040}{section.12}% 53
\BOOKMARK [2][-]{subsection.12.3}{\376\377\000\040\000C\000o\000n\000t\000i\000n\000u\000i\000t\000y\000\040\000o\000f\000\040\000D\000e\000r\000i\000v\000a\000t\000i\000v\000e\000s\000\040}{section.12}% 54
\BOOKMARK [2][-]{subsection.12.4}{\376\377\000\040\000L\000'\000H\000o\000s\000p\000i\000t\000a\000l\000'\000s\000\040\000R\000u\000l\000e\000\040}{section.12}% 55
\BOOKMARK [2][-]{subsection.12.5}{\376\377\000\040\000D\000e\000r\000i\000v\000a\000t\000i\000v\000e\000\040\000o\000f\000\040\000H\000i\000g\000h\000e\000r\000\040\000O\000r\000d\000e\000r\000\040}{section.12}% 56
\BOOKMARK [2][-]{subsection.12.6}{\376\377\000\040\000T\000a\000y\000l\000o\000r\000'\000s\000\040\000T\000h\000e\000o\000r\000e\000m\000\040}{section.12}% 57
\BOOKMARK [2][-]{subsection.12.7}{\376\377\000\040\000D\000i\000f\000f\000e\000r\000e\000n\000t\000i\000a\000t\000i\000o\000n\000\040\000o\000f\000\040\000V\000e\000c\000t\000o\000r\000-\000V\000a\000l\000u\000e\000d\000\040\000F\000u\000n\000c\000t\000i\000o\000n\000s\000\040}{section.12}% 58
\BOOKMARK [1][-]{section.13}{\376\377\000D\000a\000y\000\040\0001\0003\000:\000\040\000R\000i\000e\000m\000a\000n\000n\000-\000S\000t\000i\000e\000l\000t\000j\000e\000s\000\040\000I\000n\000t\000e\000g\000r\000a\000l}{}% 59
\BOOKMARK [2][-]{subsection.13.1}{\376\377\000\040\000R\000i\000e\000m\000a\000n\000n\000-\000S\000t\000i\000e\000l\000t\000j\000e\000s\000\040\000I\000n\000t\000e\000g\000r\000a\000l\000\040}{section.13}% 60
\BOOKMARK [2][-]{subsection.13.2}{\376\377\000\040\000R\000i\000e\000m\000a\000n\000n\000-\000I\000n\000t\000e\000g\000r\000a\000b\000l\000e\000\040\000F\000u\000n\000c\000t\000i\000o\000n\000s\000\040}{section.13}% 61
\BOOKMARK [2][-]{subsection.13.3}{\376\377\000\040\000I\000n\000t\000e\000g\000r\000a\000l\000\040\000P\000r\000o\000p\000e\000r\000t\000i\000e\000s\000\040}{section.13}% 62
\BOOKMARK [2][-]{subsection.13.4}{\376\377\000\040\000C\000h\000a\000n\000g\000e\000\040\000o\000f\000\040\000V\000a\000r\000i\000a\000b\000l\000e\000\040}{section.13}% 63
\BOOKMARK [2][-]{subsection.13.5}{\376\377\000\040\000F\000u\000n\000d\000a\000m\000e\000n\000t\000a\000l\000\040\000T\000h\000e\000o\000r\000e\000m\000\040\000o\000f\000\040\000C\000a\000l\000c\000u\000l\000u\000s\000\040}{section.13}% 64
\BOOKMARK [2][-]{subsection.13.6}{\376\377\000\040\000V\000e\000c\000t\000o\000r\000-\000V\000a\000l\000u\000e\000d\000\040\000F\000u\000n\000c\000t\000i\000o\000n\000s\000\040}{section.13}% 65
\BOOKMARK [2][-]{subsection.13.7}{\376\377\000\040\000L\000i\000n\000e\000\040\000I\000n\000t\000e\000g\000r\000a\000l\000s\000\040}{section.13}% 66
\BOOKMARK [1][-]{section.14}{\376\377\000D\000a\000y\000\040\0001\0004\000:\000\040\000S\000e\000q\000u\000e\000n\000c\000e\000s\000\040\000\134\000\040\000S\000e\000r\000i\000e\000s\000\040\000o\000f\000\040\000F\000u\000n\000c\000t\000i\000o\000n\000s}{}% 67
\BOOKMARK [2][-]{subsection.14.1}{\376\377\000\040\000C\000o\000n\000v\000e\000r\000g\000e\000n\000c\000e\000\040}{section.14}% 68
\BOOKMARK [2][-]{subsection.14.2}{\376\377\000\040\000U\000n\000i\000f\000o\000r\000m\000\040\000C\000o\000n\000v\000e\000r\000g\000e\000n\000c\000e\000\040}{section.14}% 69
\BOOKMARK [2][-]{subsection.14.3}{\376\377\000\040\000C\000o\000n\000t\000i\000n\000u\000i\000t\000y\000\040}{section.14}% 70
\BOOKMARK [2][-]{subsection.14.4}{\376\377\000\040\000I\000n\000t\000e\000g\000r\000a\000t\000i\000o\000n\000\040}{section.14}% 71
\BOOKMARK [2][-]{subsection.14.5}{\376\377\000\040\000D\000i\000f\000f\000e\000r\000e\000n\000t\000i\000a\000t\000i\000o\000n\000\040}{section.14}% 72
\BOOKMARK [2][-]{subsection.14.6}{\376\377\000\040\000E\000q\000u\000i\000c\000o\000n\000t\000i\000n\000u\000o\000u\000s\000\040}{section.14}% 73
\BOOKMARK [2][-]{subsection.14.7}{\376\377\000\040\000S\000t\000o\000n\000e\000-\000W\000e\000i\000e\000r\000s\000t\000r\000a\000s\000s\000\040}{section.14}% 74
\BOOKMARK [1][-]{section.15}{\376\377\000D\000a\000y\000\040\0001\0005\000:\000\040\000S\000p\000e\000c\000i\000a\000l\000\040\000F\000u\000n\000c\000t\000i\000o\000n\000s}{}% 75
\BOOKMARK [2][-]{subsection.15.1}{\376\377\000\040\000P\000o\000w\000e\000r\000\040\000S\000e\000r\000i\000e\000s\000\040}{section.15}% 76
\BOOKMARK [2][-]{subsection.15.2}{\376\377\000\040\000E\000x\000p\000o\000n\000e\000n\000t\000i\000a\000l\000\040\000a\000n\000d\000\040\000L\000o\000g\000a\000r\000i\000t\000h\000m\000i\000c\000\040\000F\000u\000n\000c\000t\000i\000o\000n\000s\000\040}{section.15}% 77
\BOOKMARK [2][-]{subsection.15.3}{\376\377\000\040\000T\000r\000i\000g\000o\000n\000o\000m\000e\000t\000r\000i\000c\000\040\000F\000u\000n\000c\000t\000i\000o\000n\000\040}{section.15}% 78
\BOOKMARK [2][-]{subsection.15.4}{\376\377\000\040\000A\000l\000g\000e\000b\000r\000a\000i\000c\000\040\000C\000o\000m\000p\000l\000e\000t\000e\000n\000e\000s\000s\000\040\000o\000f\000\040\000t\000h\000e\000\040\000C\000o\000m\000p\000l\000e\000x\000\040\000F\000i\000e\000l\000d\000\040}{section.15}% 79
\BOOKMARK [2][-]{subsection.15.5}{\376\377\000\040\000F\000o\000u\000r\000i\000e\000r\000\040\000S\000e\000r\000i\000e\000s\000\040}{section.15}% 80
\BOOKMARK [1][-]{section.16}{\376\377\000D\000a\000y\000\040\0001\0006\000:\000\040\000M\000u\000l\000t\000i\000v\000a\000r\000i\000a\000b\000l\000e\000\040\000F\000u\000n\000c\000t\000i\000o\000n\000s}{}% 81
\BOOKMARK [2][-]{subsection.16.1}{\376\377\000\040\000L\000i\000n\000e\000a\000r\000\040\000T\000r\000a\000n\000s\000f\000o\000r\000m\000a\000t\000i\000o\000n\000s\000\040}{section.16}% 82
\BOOKMARK [2][-]{subsection.16.2}{\376\377\000\040\000D\000i\000f\000f\000e\000r\000e\000n\000t\000i\000a\000t\000i\000o\000n\000\040}{section.16}% 83
\BOOKMARK [2][-]{subsection.16.3}{\376\377\000\040\000T\000h\000e\000\040\000C\000o\000n\000t\000r\000a\000c\000t\000i\000o\000n\000\040\000P\000r\000i\000n\000c\000i\000p\000l\000e\000\040}{section.16}% 84
\BOOKMARK [2][-]{subsection.16.4}{\376\377\000\040\000I\000n\000v\000e\000r\000s\000e\000\040\000F\000u\000n\000c\000t\000i\000o\000n\000\040\000T\000h\000e\000o\000r\000e\000m\000\040}{section.16}% 85
\BOOKMARK [2][-]{subsection.16.5}{\376\377\000\040\000I\000m\000p\000l\000i\000c\000i\000t\000\040\000F\000u\000n\000c\000t\000i\000o\000n\000\040\000T\000h\000e\000o\000r\000e\000m\000\040}{section.16}% 86
\BOOKMARK [1][-]{section.17}{\376\377\000D\000a\000y\000\040\0001\0007\000:\000\040\000L\000e\000b\000e\000s\000g\000u\000e\000\040\000I\000n\000t\000e\000g\000r\000a\000l}{}% 87
\BOOKMARK [2][-]{subsection.17.1}{\376\377\000\040\000R\000e\000g\000u\000l\000a\000t\000e\000d\000\040\000I\000n\000t\000e\000g\000r\000a\000l\000\040}{section.17}% 88
\BOOKMARK [2][-]{subsection.17.2}{\376\377\000\040\000O\000u\000t\000e\000r\000\040\000M\000e\000a\000s\000u\000r\000e\000\040}{section.17}% 89
\BOOKMARK [2][-]{subsection.17.3}{\376\377\000\040\000L\000e\000b\000e\000s\000g\000u\000e\000\040\000M\000e\000a\000s\000u\000r\000e\000\040}{section.17}% 90
\BOOKMARK [2][-]{subsection.17.4}{\376\377\000\040\000L\000e\000b\000e\000s\000g\000u\000e\000\040\000I\000n\000t\000e\000g\000r\000a\000l\000\040}{section.17}% 91
\BOOKMARK [2][-]{subsection.17.5}{\376\377\000\040\000L\000e\000b\000e\000s\000g\000u\000e\000\040\000I\000n\000t\000e\000g\000r\000a\000l\000\040\000o\000f\000\040\000B\000o\000u\000n\000d\000e\000d\000\040\000F\000u\000n\000c\000t\000i\000o\000n\000s\000\040}{section.17}% 92
\BOOKMARK [1][-]{section.18}{\376\377\000D\000a\000y\000\040\0001\0008\000:\000\040\000C\000o\000n\000v\000e\000r\000g\000e\000n\000c\000e\000\040\000T\000h\000e\000o\000r\000e\000m\000s}{}% 93
\BOOKMARK [2][-]{subsection.18.1}{\376\377\000\040\000B\000o\000u\000n\000d\000e\000d\000\040\000C\000o\000n\000v\000e\000r\000g\000e\000n\000c\000e\000\040\000T\000h\000e\000o\000r\000e\000m\000\040}{section.18}% 94
\BOOKMARK [2][-]{subsection.18.2}{\376\377\000\040\000I\000n\000t\000e\000g\000r\000a\000l\000\040\000o\000f\000\040\000U\000n\000b\000o\000u\000n\000d\000e\000d\000\040\000F\000u\000n\000c\000t\000i\000o\000n\000s\000\040}{section.18}% 95
\BOOKMARK [2][-]{subsection.18.3}{\376\377\000\040\000D\000o\000m\000i\000n\000a\000t\000e\000d\000\040\000C\000o\000n\000v\000e\000r\000g\000e\000n\000c\000e\000\040\000T\000h\000e\000o\000r\000e\000m\000s\000\040}{section.18}% 96
\BOOKMARK [2][-]{subsection.18.4}{\376\377\000\040\000G\000e\000n\000e\000r\000a\000l\000\040\000L\000e\000b\000e\000s\000g\000u\000e\000\040\000I\000n\000t\000e\000g\000r\000a\000l\000\040}{section.18}% 97
\BOOKMARK [1][-]{section.19}{\376\377\000D\000a\000y\000\040\0001\0009\000:\000\040\000L\0002\000\040\000S\000p\000a\000c\000e}{}% 98
\BOOKMARK [2][-]{subsection.19.1}{\376\377\000\040\000L\0002\000:\000\040\000S\000q\000u\000a\000r\000e\000\040\000I\000n\000t\000e\000g\000r\000a\000b\000l\000e\000\040\000F\000u\000n\000c\000t\000i\000o\000n\000s\000\040}{section.19}% 99
\BOOKMARK [2][-]{subsection.19.2}{\376\377\000\040\000C\000o\000n\000v\000e\000r\000g\000e\000n\000c\000e\000\040\000i\000n\000\040\000L\0002\000\040}{section.19}% 100
\BOOKMARK [2][-]{subsection.19.3}{\376\377\000\040\000H\000i\000l\000b\000e\000r\000t\000\040\000S\000p\000a\000c\000e\000:\000\040\000H\000\040}{section.19}% 101
\BOOKMARK [2][-]{subsection.19.4}{\376\377\000\040\000F\000o\000u\000r\000i\000e\000r\000\040\000S\000e\000r\000i\000e\000s\000\040}{section.19}% 102
